<?xml version="1.0" encoding="UTF-8"?>
<!-- Generated by org.testng.reporters.JUnitReportReporter -->
<testsuite hostname="PUN-PREMG" name="Academy.HomePage" tests="1" failures="0" timestamp="11 Jul 2017 11:15:19 GMT" time="19.678" errors="0">
  <testcase name="basePageNavigation" time="19.678" classname="Academy.HomePage"/>
</testsuite> <!-- Academy.HomePage -->
