<?xml version="1.0" encoding="UTF-8"?>
<!-- Generated by org.testng.reporters.JUnitReportReporter -->
<testsuite hostname="PUN-PREMG" name="Academy.HomePage" tests="2" failures="0" timestamp="11 Jul 2017 13:11:29 GMT" time="13.647" errors="0">
  <testcase name="validateAppTitle" time="0.118" classname="Academy.HomePage"/>
  <testcase name="basePageNavigation" time="13.529" classname="Academy.HomePage"/>
</testsuite> <!-- Academy.HomePage -->
