<?xml version="1.0" encoding="UTF-8"?>
<!-- Generated by org.testng.reporters.JUnitReportReporter -->
<testsuite hostname="PUN-PREMG" name="Academy.validateNavigationBar" tests="1" failures="0" timestamp="11 Jul 2017 13:07:25 GMT" time="0.003" errors="0">
  <testcase name="validateAppNavBar" time="0.003" classname="Academy.validateNavigationBar"/>
</testsuite> <!-- Academy.validateNavigationBar -->
