<?xml version="1.0" encoding="UTF-8"?>
<!-- Generated by org.testng.reporters.JUnitReportReporter -->
<testsuite skipped="0" hostname="PUN-PREMG" name="Academy.HomePage" tests="1" failures="0" timestamp="11 Jul 2017 10:52:40 GMT" time="31.078" errors="0">
  <testcase name="basePageNavigation" time="31.078" classname="Academy.HomePage"/>
</testsuite> <!-- Academy.HomePage -->
